<?xml version="1.0" encoding="UTF-8"?>
<!-- Generated by org.testng.reporters.JUnitReportReporter -->
<testsuite hostname="Ashish-Laptop" name="com.ext.testCases.BaseTestCase" tests="1" failures="0" timestamp="18 Mar 2018 12:46:05 GMT" time="1.190" errors="0">
  <testcase name="verifyTitle" time="1.190" classname="com.ext.testCases.BaseTestCase"/>
</testsuite> <!-- com.ext.testCases.BaseTestCase -->
